{"level":"info","message":"Fetching project by ID: p361QH-gB7LKF_06lA-gh","service":"picura-cli","timestamp":"2024-09-02T04:55:46.729Z"}
{"level":"info","message":"Project found","projectId":"p361QH-gB7LKF_06lA-gh","service":"picura-cli","timestamp":"2024-09-02T04:55:47.848Z"}
{"documentType":"ARCHITECTURE","level":"info","message":"Starting document generation for project: at-sync-data-states-ms","projectId":"p361QH-gB7LKF_06lA-gh","service":"picura-cli","timestamp":"2024-09-02T04:55:47.849Z"}
{"level":"info","message":"Analyzing project structure: /Users/oscarvalois/Documents/Hergon/at-sync-data-states-ms","service":"picura-cli","timestamp":"2024-09-02T04:55:49.104Z"}
{"analysisSize":51744,"level":"info","message":"Project structure analysis complete","service":"picura-cli","timestamp":"2024-09-02T04:55:49.128Z"}
{"level":"info","message":"Generating document content for type: ARCHITECTURE","service":"picura-cli","timestamp":"2024-09-02T04:55:49.129Z"}
{"error":"Request failed with status code 404","level":"error","message":"Failed to generate document content for type: ARCHITECTURE","service":"picura-cli","timestamp":"2024-09-02T04:55:50.241Z"}
{"error":"Request failed with status code 404","level":"error","message":"Document generation failed","service":"picura-cli","timestamp":"2024-09-02T04:55:50.242Z"}
{"level":"info","message":"Fetching project by ID: p361QH-gB7LKF_06lA-gh","service":"picura-cli","timestamp":"2024-09-02T05:04:50.148Z"}
{"level":"info","message":"Project found","projectId":"p361QH-gB7LKF_06lA-gh","service":"picura-cli","timestamp":"2024-09-02T05:04:51.158Z"}
{"documentType":"ARCHITECTURE","level":"info","message":"Starting document generation for project: at-sync-data-states-ms","projectId":"p361QH-gB7LKF_06lA-gh","service":"picura-cli","timestamp":"2024-09-02T05:04:51.159Z"}
{"level":"info","message":"Analyzing project structure: /Users/oscarvalois/Documents/Hergon/at-sync-data-states-ms","service":"picura-cli","timestamp":"2024-09-02T05:04:52.329Z"}
{"analysisSize":51744,"level":"info","message":"Project structure analysis complete","service":"picura-cli","timestamp":"2024-09-02T05:04:52.353Z"}
{"level":"info","message":"Generating document content for type: ARCHITECTURE","service":"picura-cli","timestamp":"2024-09-02T05:04:52.354Z"}
{"level":"info","message":"Document content generated successfully for type: ARCHITECTURE","service":"picura-cli","timestamp":"2024-09-02T05:04:58.531Z"}
{"documentId":"cm0kjdz8n0001rmfz7c7d11ex","level":"info","message":"New document created","service":"picura-cli","timestamp":"2024-09-02T05:04:59.638Z"}
{"action":"CREATE","entityId":"cm0kjdz8n0001rmfz7c7d11ex","level":"info","message":"Audit log created","service":"picura-cli","timestamp":"2024-09-02T05:05:01.152Z"}
{"documentId":"cm0kjdz8n0001rmfz7c7d11ex","level":"info","message":"Document generation process completed successfully","service":"picura-cli","timestamp":"2024-09-02T05:05:01.154Z"}
{"level":"info","message":"Fetching project by ID: p361QH-gB7LKF_06lA-gh","service":"picura-cli","timestamp":"2024-09-02T05:06:52.135Z"}
{"level":"info","message":"Project found","projectId":"p361QH-gB7LKF_06lA-gh","service":"picura-cli","timestamp":"2024-09-02T05:06:52.973Z"}
{"documentType":"ARCHITECTURE","level":"info","message":"Starting document generation for project: at-sync-data-states-ms","projectId":"p361QH-gB7LKF_06lA-gh","service":"picura-cli","timestamp":"2024-09-02T05:06:52.973Z"}
{"documentId":"cm0kjdz8n0001rmfz7c7d11ex","level":"info","message":"Document of type ARCHITECTURE already exists.","service":"picura-cli","timestamp":"2024-09-02T05:06:54.297Z"}
{"error":"EEXIT: 0","level":"error","message":"Document generation failed","service":"picura-cli","timestamp":"2024-09-02T05:06:54.298Z"}
{"level":"info","message":"Fetching project by ID: p361QH-gB7LKF_06lA-gh","service":"picura-cli","timestamp":"2024-09-02T05:07:37.446Z"}
{"level":"info","message":"Project found","projectId":"p361QH-gB7LKF_06lA-gh","service":"picura-cli","timestamp":"2024-09-02T05:07:38.326Z"}
{"documentType":"DATA_SCHEMA","level":"info","message":"Starting document generation for project: at-sync-data-states-ms","projectId":"p361QH-gB7LKF_06lA-gh","service":"picura-cli","timestamp":"2024-09-02T05:07:38.327Z"}
{"level":"info","message":"Analyzing project structure: /Users/oscarvalois/Documents/Hergon/at-sync-data-states-ms","service":"picura-cli","timestamp":"2024-09-02T05:07:39.633Z"}
{"analysisSize":51974,"level":"info","message":"Project structure analysis complete","service":"picura-cli","timestamp":"2024-09-02T05:07:39.658Z"}
{"level":"info","message":"Generating document content for type: DATA_SCHEMA","service":"picura-cli","timestamp":"2024-09-02T05:07:39.659Z"}
{"level":"info","message":"Document content generated successfully for type: DATA_SCHEMA","service":"picura-cli","timestamp":"2024-09-02T05:07:46.804Z"}
{"documentId":"cm0kjhl2y0001rmip30lbj1im","level":"info","message":"New document created","service":"picura-cli","timestamp":"2024-09-02T05:07:48.049Z"}
{"error":"\nInvalid `this.prisma.auditLog.create()` invocation in\n/Users/oscarvalois/Documents/Archtools/picura-cli/dist/services/AuditService.js:12:40\n\n   9 }\n  10 async logAudit(data) {\n  11     try {\n→ 12         await this.prisma.auditLog.create(\nCan't reach database server at `ep-proud-recipe-87355146-pooler.us-east-2.aws.neon.tech`:`5432`\n\nPlease make sure your database server is running at `ep-proud-recipe-87355146-pooler.us-east-2.aws.neon.tech`:`5432`.","level":"error","message":"Failed to create audit log","service":"picura-cli","timestamp":"2024-09-02T05:07:53.061Z"}
{"documentId":"cm0kjhl2y0001rmip30lbj1im","level":"info","message":"Document generation process completed successfully","service":"picura-cli","timestamp":"2024-09-02T05:07:53.063Z"}
{"level":"info","message":"Fetching project by ID: p361QH-gB7LKF_06lA-gh","service":"picura-cli","timestamp":"2024-09-02T05:07:53.333Z"}
{"level":"info","message":"Project found","projectId":"p361QH-gB7LKF_06lA-gh","service":"picura-cli","timestamp":"2024-09-02T05:07:55.810Z"}
{"documentType":"DEPLOYMENT","level":"info","message":"Starting document generation for project: at-sync-data-states-ms","projectId":"p361QH-gB7LKF_06lA-gh","service":"picura-cli","timestamp":"2024-09-02T05:07:55.811Z"}
{"level":"info","message":"Analyzing project structure: /Users/oscarvalois/Documents/Hergon/at-sync-data-states-ms","service":"picura-cli","timestamp":"2024-09-02T05:07:58.836Z"}
{"analysisSize":52130,"level":"info","message":"Project structure analysis complete","service":"picura-cli","timestamp":"2024-09-02T05:07:58.860Z"}
{"level":"info","message":"Generating document content for type: DEPLOYMENT","service":"picura-cli","timestamp":"2024-09-02T05:07:58.861Z"}
{"level":"info","message":"Document content generated successfully for type: DEPLOYMENT","service":"picura-cli","timestamp":"2024-09-02T05:08:06.143Z"}
{"documentId":"cm0kji0020001rmkkkk1oaowz","level":"info","message":"New document created","service":"picura-cli","timestamp":"2024-09-02T05:08:07.172Z"}
{"action":"CREATE","entityId":"cm0kji0020001rmkkkk1oaowz","level":"info","message":"Audit log created","service":"picura-cli","timestamp":"2024-09-02T05:08:08.651Z"}
{"documentId":"cm0kji0020001rmkkkk1oaowz","level":"info","message":"Document generation process completed successfully","service":"picura-cli","timestamp":"2024-09-02T05:08:08.654Z"}
{"level":"info","message":"Fetching project by ID: p361QH-gB7LKF_06lA-gh","service":"picura-cli","timestamp":"2024-09-02T05:08:08.942Z"}
{"level":"info","message":"Project found","projectId":"p361QH-gB7LKF_06lA-gh","service":"picura-cli","timestamp":"2024-09-02T05:08:09.985Z"}
{"documentType":"API_SPECIFICATION","level":"info","message":"Starting document generation for project: at-sync-data-states-ms","projectId":"p361QH-gB7LKF_06lA-gh","service":"picura-cli","timestamp":"2024-09-02T05:08:09.986Z"}
{"error":"\nInvalid `this.prisma.document.findFirst()` invocation in\n/Users/oscarvalois/Documents/Archtools/picura-cli/dist/services/DocumentService.js:42:37\n\n  39     });\n  40 }\n  41 async getDocumentByTypeAndProject(type, projectId) {\n→ 42     return this.prisma.document.findFirst(\nCan't reach database server at `ep-proud-recipe-87355146-pooler.us-east-2.aws.neon.tech`:`5432`\n\nPlease make sure your database server is running at `ep-proud-recipe-87355146-pooler.us-east-2.aws.neon.tech`:`5432`.","level":"error","message":"Document generation failed","service":"picura-cli","timestamp":"2024-09-02T05:08:14.994Z"}
{"level":"info","message":"Fetching project by ID: p361QH-gB7LKF_06lA-gh","service":"picura-cli","timestamp":"2024-09-02T05:13:28.249Z"}
{"level":"info","message":"Project found","projectId":"p361QH-gB7LKF_06lA-gh","service":"picura-cli","timestamp":"2024-09-02T05:13:29.314Z"}
{"documentType":"API_SPECIFICATION","level":"info","message":"Starting document generation for project: at-sync-data-states-ms","projectId":"p361QH-gB7LKF_06lA-gh","service":"picura-cli","timestamp":"2024-09-02T05:13:29.314Z"}
{"level":"info","message":"Analyzing project structure: /Users/oscarvalois/Documents/Hergon/at-sync-data-states-ms","service":"picura-cli","timestamp":"2024-09-02T05:13:30.597Z"}
{"analysisSize":52284,"level":"info","message":"Project structure analysis complete","service":"picura-cli","timestamp":"2024-09-02T05:13:30.627Z"}
{"level":"info","message":"Generating document content for type: API_SPECIFICATION","service":"picura-cli","timestamp":"2024-09-02T05:13:30.628Z"}
{"level":"info","message":"Document content generated successfully for type: API_SPECIFICATION","service":"picura-cli","timestamp":"2024-09-02T05:13:38.103Z"}
{"documentId":"cm0kjp45a0001rmwdnie1q6mo","level":"info","message":"New document created","service":"picura-cli","timestamp":"2024-09-02T05:13:39.626Z"}
{"action":"CREATE","entityId":"cm0kjp45a0001rmwdnie1q6mo","level":"info","message":"Audit log created","service":"picura-cli","timestamp":"2024-09-02T05:13:41.554Z"}
{"documentId":"cm0kjp45a0001rmwdnie1q6mo","level":"info","message":"Document generation process completed successfully","service":"picura-cli","timestamp":"2024-09-02T05:13:41.557Z"}
{"level":"info","message":"Fetching project by ID: p361QH-gB7LKF_06lA-gh","service":"picura-cli","timestamp":"2024-09-02T05:13:41.829Z"}
{"level":"info","message":"Project found","projectId":"p361QH-gB7LKF_06lA-gh","service":"picura-cli","timestamp":"2024-09-02T05:13:44.186Z"}
{"documentType":"USER_MANUAL","level":"info","message":"Starting document generation for project: at-sync-data-states-ms","projectId":"p361QH-gB7LKF_06lA-gh","service":"picura-cli","timestamp":"2024-09-02T05:13:44.187Z"}
{"level":"info","message":"Analyzing project structure: /Users/oscarvalois/Documents/Hergon/at-sync-data-states-ms","service":"picura-cli","timestamp":"2024-09-02T05:13:45.421Z"}
{"analysisSize":52452,"level":"info","message":"Project structure analysis complete","service":"picura-cli","timestamp":"2024-09-02T05:13:45.435Z"}
{"level":"info","message":"Generating document content for type: USER_MANUAL","service":"picura-cli","timestamp":"2024-09-02T05:13:45.436Z"}
{"level":"info","message":"Document content generated successfully for type: USER_MANUAL","service":"picura-cli","timestamp":"2024-09-02T05:14:00.880Z"}
{"documentId":"cm0kjplss0001rmybah166hgp","level":"info","message":"New document created","service":"picura-cli","timestamp":"2024-09-02T05:14:02.133Z"}
{"action":"CREATE","entityId":"cm0kjplss0001rmybah166hgp","level":"info","message":"Audit log created","service":"picura-cli","timestamp":"2024-09-02T05:14:03.660Z"}
{"documentId":"cm0kjplss0001rmybah166hgp","level":"info","message":"Document generation process completed successfully","service":"picura-cli","timestamp":"2024-09-02T05:14:03.662Z"}
